[2025-22-10 12:06:47] [32minfo[39m : Server listening on port: 3000
[2025-22-10 12:06:51] [32minfo[39m : Server listening on port: 3000
[2025-22-10 12:06:58] [32minfo[39m : Server listening on port: 3000
[2025-22-10 12:07:06] [32minfo[39m : Server listening on port: 3000
[2025-22-10 12:07:07] [32minfo[39m : Server listening on port: 3000
[2025-22-10 12:07:19] [31merror[39m : [DB - ERROR] ER_NO_SUCH_TABLE: Table '13a_katica.categories' doesn't exist
[2025-22-10 12:07:52] [32minfo[39m : [GET /kategoria] - 5 record(s) affected.  2ms
[2025-22-10 12:07:57] [32minfo[39m : [GET /forgalom] - 13 record(s) affected.  3ms
[2025-22-10 12:08:03] [32minfo[39m : [GET /termek] - 3 record(s) affected.  3ms
[2025-22-10 12:09:23] [32minfo[39m : Server listening on port: 3000
[2025-22-10 12:09:27] [32minfo[39m : [GET /termek/1] - 1 record(s) affected.  20ms
[2025-22-10 12:14:23] [32minfo[39m : Server listening on port: 3000
[2025-22-10 12:17:05] [32minfo[39m : Server listening on port: 3000
[2025-22-10 12:17:22] [32minfo[39m : Server listening on port: 3000
[2025-22-10 12:17:27] [32minfo[39m : [GET /termek/1] - 1 record(s) affected.  20ms
[2025-22-10 12:17:29] [32minfo[39m : [GET /termek] - 3 record(s) affected.  2ms
[2025-22-10 12:17:32] [32minfo[39m : [GET /termek/5] - 0 record(s) affected.  1ms
[2025-22-10 12:17:36] [32minfo[39m : [GET /termek/3] - 1 record(s) affected.  2ms
[2025-03-11 09:33:47] [32minfo[39m : Server listening on port: 3000
[2025-03-11 09:34:14] [31merror[39m : [DB - ERROR] ER_BAD_FIELD_ERROR: Unknown column 'katgoriaNev' in 'field list'
[2025-03-11 09:34:23] [32minfo[39m : [POST /termek] - 1 record(s) affected.  3ms
[2025-03-11 09:39:40] [32minfo[39m : Server listening on port: 3000
[2025-03-11 09:58:58] [32minfo[39m : Server listening on port: 3000
[2025-03-11 09:59:56] [31merror[39m : [DB - ERROR] ER_PARSE_ERROR: You have an error in your SQL syntax; check the manual that corresponds to your MariaDB server version for the right syntax to use near 'csoki,kategoriaNev= Desszertek,nettoAr= 500,egyseg= db WHERE termek='4'' at line 1
[2025-03-11 10:00:31] [31merror[39m : [DB - ERROR] ER_PARSE_ERROR: You have an error in your SQL syntax; check the manual that corresponds to your MariaDB server version for the right syntax to use near 'csoki,kategoriaNev= Desszertek,nettoAr= 500,egyseg= db WHERE termek='4'' at line 1
[2025-03-11 10:01:01] [32minfo[39m : Server listening on port: 3000
[2025-03-11 10:01:05] [31merror[39m : [DB - ERROR] ER_NO_SUCH_TABLE: Table '13a_katica.termekek' doesn't exist
[2025-03-11 10:01:15] [32minfo[39m : [PATCH /termek/4] - 0 record(s) affected.  2ms
[2025-03-11 10:02:00] [32minfo[39m : Server listening on port: 3000
[2025-03-11 10:02:03] [32minfo[39m : [PATCH /termek/4] - 1 record(s) affected.  19ms
[2025-03-11 10:02:19] [32minfo[39m : [GET /termek] - 4 record(s) affected.  2ms
[2025-03-11 10:02:28] [32minfo[39m : [GET /termek/3] - 1 record(s) affected.  1ms
[2025-03-11 10:02:31] [32minfo[39m : [GET /termek/4] - 1 record(s) affected.  2ms
[2025-03-11 10:03:17] [32minfo[39m : [DELETE /termek/5] - 0 record(s) affected.  1ms
[2025-03-11 10:03:24] [32minfo[39m : [DELETE /termek/4] - 1 record(s) affected.  4ms
[2025-03-11 10:03:28] [32minfo[39m : [POST /termek] - 1 record(s) affected.  2ms
[2025-03-11 10:03:29] [32minfo[39m : [PATCH /termek/4] - 0 record(s) affected.  1ms
[2025-03-11 10:03:39] [32minfo[39m : [PATCH /termek/5] - 1 record(s) affected.  2ms
[2025-03-11 10:04:27] [32minfo[39m : Server listening on port: 3000
[2025-03-11 10:04:37] [32minfo[39m : Server listening on port: 3000
[2025-03-11 10:14:36] [32minfo[39m : Server listening on port: 3000
[2025-03-11 10:15:43] [32minfo[39m : Server listening on port: 3000
[2025-03-11 11:05:52] [32minfo[39m : Server listening on port: 3000
[2025-03-11 11:10:21] [32minfo[39m : Server listening on port: 3000
[2025-03-11 11:10:23] [32minfo[39m : [POST /users/login] - 2 record(s) affected.  18ms
[2025-03-11 11:11:10] [32minfo[39m : [POST /users/login] - 2 record(s) affected.  2ms
[2025-03-11 11:11:29] [32minfo[39m : [POST /users/login] - 1 record(s) affected.  1ms
[2025-03-11 11:17:07] [32minfo[39m : Server listening on port: 3000
[2025-03-11 11:18:55] [32minfo[39m : Server listening on port: 3000
[2025-03-11 11:20:11] [32minfo[39m : Server listening on port: 3000
[2025-03-11 11:20:26] [32minfo[39m : Server listening on port: 3000
[2025-03-11 11:22:21] [32minfo[39m : Server listening on port: 3000
[2025-03-11 11:24:17] [32minfo[39m : [POST /users/registration] - 1 record(s) affected.  18ms
[2025-03-11 11:24:36] [32minfo[39m : [POST /users/login] - 1 record(s) affected.  2ms
[2025-03-11 11:52:29] [32minfo[39m : Server listening on port: 3000
[2025-03-11 11:52:40] [32minfo[39m : [POST /users/login] - 0 record(s) affected.  17ms
[2025-03-11 11:52:52] [32minfo[39m : [POST /users/login] - 1 record(s) affected.  2ms
[2025-03-11 11:53:21] [32minfo[39m : Server listening on port: 3000
[2025-03-11 11:54:14] [32minfo[39m : Server listening on port: 3000
[2025-03-11 11:56:23] [32minfo[39m : Server listening on port: 3000
[2025-03-11 11:57:48] [32minfo[39m : Server listening on port: 3000
[2025-03-11 11:58:30] [32minfo[39m : Server listening on port: 3000
[2025-03-11 11:58:58] [32minfo[39m : Server listening on port: 3000
[2025-03-11 12:02:45] [32minfo[39m : Server listening on port: 3000
[2025-03-11 12:04:49] [32minfo[39m : Server listening on port: 3000
[2025-03-11 12:05:16] [32minfo[39m : Server listening on port: 3000
[2025-03-11 12:05:23] [32minfo[39m : Server listening on port: 3000
[2025-03-11 12:09:38] [32minfo[39m : Server listening on port: 3000
[2025-03-11 12:14:13] [32minfo[39m : Server listening on port: 3000
[2025-03-11 12:21:01] [32minfo[39m : Server listening on port: 3000
[2025-03-11 12:21:55] [32minfo[39m : Server listening on port: 3000
[2025-03-11 12:22:22] [32minfo[39m : Server listening on port: 3000
[2025-03-11 12:22:39] [32minfo[39m : Server listening on port: 3000
[2025-03-11 12:22:58] [32minfo[39m : Server listening on port: 3000
[2025-03-11 12:23:50] [32minfo[39m : Server listening on port: 3000
[2025-03-11 12:24:52] [32minfo[39m : Server listening on port: 3000
[2025-03-11 12:27:02] [32minfo[39m : Server listening on port: 3000
[2025-03-11 12:28:29] [31merror[39m : [DB - ERROR] ER_PARSE_ERROR: You have an error in your SQL syntax; check the manual that corresponds to your MariaDB server version for the right syntax to use near ''role'' at line 1
[2025-03-11 12:28:47] [31merror[39m : [DB - ERROR] ER_PARSE_ERROR: You have an error in your SQL syntax; check the manual that corresponds to your MariaDB server version for the right syntax to use near ''role'' at line 1
[2025-10-11 08:14:57] [32minfo[39m : Server listening on port: 3000
[2025-10-11 08:15:10] [32minfo[39m : Server listening on port: 3000
[2025-10-11 08:21:16] [32minfo[39m : Server listening on port: 3000
[2025-10-11 08:23:01] [32minfo[39m : Server listening on port: 3000
[2025-10-11 08:23:23] [32minfo[39m : Server listening on port: 3000
[2025-10-11 08:27:50] [32minfo[39m : [POST /users/login] - 1 record(s) affected.  18ms
[2025-10-11 08:29:07] [32minfo[39m : [GET /pizzas] - 6 record(s) affected.  2ms
[2025-10-11 08:32:04] [32minfo[39m : [GET /pizzas] - 6 record(s) affected.  1ms
[2025-10-11 08:32:49] [32minfo[39m : [GET /pizzas] - 6 record(s) affected.  2ms
[2025-10-11 08:34:49] [32minfo[39m : [GET /pizzas] - 6 record(s) affected.  1ms
[2025-10-11 08:35:53] [32minfo[39m : [GET /pizzas] - 6 record(s) affected.  1ms
[2025-10-11 08:37:29] [32minfo[39m : [GET /pizzas] - 6 record(s) affected.  1ms
[2025-10-11 08:39:28] [32minfo[39m : [GET /pizzas] - 6 record(s) affected.  1ms
[2025-10-11 08:39:33] [32minfo[39m : [GET /pizzas] - 6 record(s) affected.  2ms
[2025-10-11 08:59:05] [32minfo[39m : [GET /pizzas] - 6 record(s) affected.  1ms
[2025-10-11 08:59:13] [32minfo[39m : [GET /pizzas] - 6 record(s) affected.  1ms
[2025-10-11 08:59:21] [32minfo[39m : [GET /pizzas/name/eq/dsa] - 0 record(s) affected.  1ms
[2025-10-11 09:00:03] [32minfo[39m : Server listening on port: 3000
[2025-10-11 09:01:03] [32minfo[39m : [GET /pizzas] - 6 record(s) affected.  24ms
[2025-10-11 09:02:24] [32minfo[39m : [GET /pizzas] - 6 record(s) affected.  2ms
[2025-10-11 09:02:32] [32minfo[39m : [GET /pizzas] - 6 record(s) affected.  1ms
[2025-10-11 09:02:58] [32minfo[39m : [GET /pizzas] - 6 record(s) affected.  1ms
[2025-10-11 09:03:13] [32minfo[39m : [GET /pizzas/name/eq/Magyaros] - 1 record(s) affected.  1ms
[2025-10-11 09:03:30] [32minfo[39m : [GET /pizzas/name/eq/Gyrosos] - 0 record(s) affected.  1ms
[2025-10-11 09:04:45] [32minfo[39m : [GET /pizzas/name/eq/Gyrosos] - 0 record(s) affected.  2ms
[2025-10-11 09:05:02] [32minfo[39m : [GET /pizzas/name/eq/Gyrosos] - 0 record(s) affected.  1ms
[2025-10-11 09:06:01] [32minfo[39m : [GET /pizzas/name/eq/Gyrosos] - 0 record(s) affected.  1ms
[2025-10-11 09:06:10] [32minfo[39m : [GET /pizzas/name/eq/Gyrosos] - 0 record(s) affected.  0ms
[2025-10-11 09:06:10] [32minfo[39m : [GET /pizzas/name/eq/Gyrosos] - 0 record(s) affected.  0ms
[2025-10-11 09:06:11] [32minfo[39m : [GET /pizzas/name/eq/Gyrosos] - 0 record(s) affected.  1ms
[2025-10-11 09:07:02] [32minfo[39m : [GET /pizzas] - 6 record(s) affected.  1ms
[2025-10-11 09:07:14] [32minfo[39m : Server listening on port: 3000
[2025-10-11 09:07:37] [32minfo[39m : [GET /pizzas/name/eq/Gyrosos] - 0 record(s) affected.  17ms
[2025-10-11 09:09:04] [32minfo[39m : [GET /pizzas/name/eq/Gyrosos] - 0 record(s) affected.  1ms
[2025-10-11 09:10:44] [32minfo[39m : Server listening on port: 3000
[2025-10-11 09:10:47] [32minfo[39m : [GET /pizzas/name/eq/Gyrosos] - 0 record(s) affected.  21ms
[2025-10-11 09:11:40] [32minfo[39m : [GET /pizzas] - 6 record(s) affected.  2ms
[2025-10-11 09:11:57] [32minfo[39m : [GET /pizzas/name/eq/Gyrosos] - 0 record(s) affected.  1ms
[2025-10-11 09:11:57] [32minfo[39m : [POST /pizzas] - 1 record(s) affected.  5ms
[2025-10-11 09:12:04] [32minfo[39m : [GET /pizzas] - 7 record(s) affected.  1ms
[2025-10-11 09:16:58] [32minfo[39m : [GET /pizzas] - 7 record(s) affected.  1ms
[2025-10-11 09:17:01] [32minfo[39m : [GET /pizzas] - 7 record(s) affected.  0ms
[2025-10-11 09:24:54] [32minfo[39m : [GET /pizzas] - 7 record(s) affected.  1ms
[2025-10-11 09:25:12] [32minfo[39m : [GET /pizzas/name/eq/ZZZZZ] - 0 record(s) affected.  2ms
[2025-10-11 09:25:12] [32minfo[39m : [POST /pizzas] - 1 record(s) affected.  2ms
[2025-10-11 09:25:52] [32minfo[39m : [GET /pizzas] - 8 record(s) affected.  1ms
[2025-10-11 09:26:32] [32minfo[39m : [GET /pizzas/name/eq/zib] - 0 record(s) affected.  1ms
[2025-10-11 09:26:32] [32minfo[39m : [POST /pizzas] - 1 record(s) affected.  2ms
[2025-10-11 09:26:34] [32minfo[39m : [GET /pizzas] - 9 record(s) affected.  1ms
[2025-10-11 09:26:45] [32minfo[39m : [GET /pizzas] - 9 record(s) affected.  1ms
[2025-10-11 09:28:02] [32minfo[39m : [GET /pizzas] - 7 record(s) affected.  1ms
[2025-10-11 09:28:18] [32minfo[39m : [GET /pizzas] - 7 record(s) affected.  1ms
[2025-10-11 09:28:28] [32minfo[39m : [GET /pizzas] - 7 record(s) affected.  1ms
[2025-10-11 09:28:35] [32minfo[39m : [GET /pizzas] - 7 record(s) affected.  1ms
[2025-10-11 09:28:42] [32minfo[39m : [GET /pizzas] - 7 record(s) affected.  1ms
[2025-10-11 09:29:09] [32minfo[39m : [GET /pizzas] - 7 record(s) affected.  1ms
[2025-10-11 09:31:25] [32minfo[39m : [GET /pizzas] - 7 record(s) affected.  1ms
[2025-10-11 09:34:07] [32minfo[39m : [GET /pizzas] - 7 record(s) affected.  1ms
[2025-10-11 09:34:11] [32minfo[39m : [GET /pizzas/1] - 1 record(s) affected.  2ms
[2025-10-11 09:34:41] [32minfo[39m : [GET /pizzas] - 7 record(s) affected.  0ms
[2025-10-11 09:34:57] [32minfo[39m : [GET /pizzas] - 7 record(s) affected.  0ms
[2025-10-11 09:36:32] [32minfo[39m : [GET /pizzas] - 7 record(s) affected.  1ms
[2025-10-11 09:36:53] [32minfo[39m : [GET /pizzas] - 7 record(s) affected.  0ms
[2025-10-11 09:37:11] [32minfo[39m : [GET /pizzas] - 7 record(s) affected.  1ms
[2025-10-11 09:38:16] [32minfo[39m : [GET /pizzas] - 7 record(s) affected.  1ms
[2025-10-11 09:39:06] [32minfo[39m : [GET /pizzas] - 7 record(s) affected.  1ms
[2025-10-11 09:39:30] [32minfo[39m : [GET /pizzas] - 7 record(s) affected.  1ms
[2025-10-11 09:40:44] [32minfo[39m : [GET /pizzas] - 7 record(s) affected.  0ms
[2025-10-11 09:53:06] [32minfo[39m : [GET /pizzas] - 7 record(s) affected.  2ms
[2025-10-11 09:53:12] [32minfo[39m : [GET /pizzas] - 7 record(s) affected.  1ms
[2025-10-11 09:53:19] [32minfo[39m : [GET /pizzas] - 7 record(s) affected.  0ms
[2025-10-11 09:53:33] [32minfo[39m : [GET /pizzas/7] - 1 record(s) affected.  1ms
[2025-10-11 09:53:38] [32minfo[39m : [GET /pizzas/name/eq/Gyrosos] - 1 record(s) affected.  1ms
[2025-10-11 09:53:38] [32minfo[39m : [PATCH /pizzas/7] - 1 record(s) affected.  2ms
[2025-10-11 09:53:38] [32minfo[39m : [GET /pizzas] - 7 record(s) affected.  1ms
[2025-10-11 09:59:28] [32minfo[39m : [GET /pizzas] - 7 record(s) affected.  1ms
[2025-10-11 09:59:40] [32minfo[39m : [GET /pizzas] - 7 record(s) affected.  0ms
[2025-10-11 09:59:54] [32minfo[39m : [GET /pizzas] - 7 record(s) affected.  1ms
[2025-10-11 09:59:57] [32minfo[39m : [GET /pizzas/6] - 1 record(s) affected.  1ms
[2025-10-11 10:00:02] [32minfo[39m : [GET /pizzas/name/eq/H%C3%BAsim%C3%A1d%C3%B3%C3%B3] - 0 record(s) affected.  1ms
[2025-10-11 10:00:02] [32minfo[39m : [PATCH /pizzas/6] - 1 record(s) affected.  2ms
[2025-10-11 10:00:02] [32minfo[39m : [GET /pizzas] - 7 record(s) affected.  1ms
[2025-10-11 10:00:05] [32minfo[39m : [GET /pizzas] - 7 record(s) affected.  1ms
[2025-10-11 10:00:50] [32minfo[39m : [GET /pizzas/7] - 1 record(s) affected.  1ms
[2025-10-11 10:00:55] [32minfo[39m : [GET /pizzas/name/eq/Gyroszos] - 0 record(s) affected.  1ms
[2025-10-11 10:00:55] [32minfo[39m : [PATCH /pizzas/7] - 1 record(s) affected.  1ms
[2025-10-11 10:00:55] [32minfo[39m : [GET /pizzas] - 7 record(s) affected.  1ms
[2025-10-11 10:00:58] [32minfo[39m : [GET /pizzas] - 7 record(s) affected.  1ms
[2025-10-11 10:01:00] [32minfo[39m : [GET /pizzas/6] - 1 record(s) affected.  1ms
[2025-10-11 10:01:03] [32minfo[39m : [GET /pizzas/name/eq/H%C3%BAsim%C3%A1d%C3%B3] - 0 record(s) affected.  1ms
[2025-10-11 10:01:03] [32minfo[39m : [PATCH /pizzas/6] - 1 record(s) affected.  2ms
[2025-10-11 10:01:03] [32minfo[39m : [GET /pizzas] - 7 record(s) affected.  0ms
[2025-10-11 10:02:19] [32minfo[39m : [GET /pizzas] - 7 record(s) affected.  1ms
[2025-10-11 10:02:41] [32minfo[39m : [GET /pizzas/name/eq/La%20grande%20pizza] - 0 record(s) affected.  1ms
[2025-10-11 10:02:41] [32minfo[39m : [POST /pizzas] - 1 record(s) affected.  3ms
[2025-10-11 10:02:41] [32minfo[39m : [GET /pizzas] - 8 record(s) affected.  0ms
[2025-10-11 10:04:17] [32minfo[39m : [GET /pizzas] - 8 record(s) affected.  1ms
[2025-10-11 10:04:24] [32minfo[39m : [GET /pizzas] - 8 record(s) affected.  1ms
[2025-10-11 10:05:49] [32minfo[39m : [GET /pizzas] - 8 record(s) affected.  1ms
[2025-10-11 10:07:37] [32minfo[39m : [GET /pizzas] - 8 record(s) affected.  1ms
[2025-10-11 10:07:40] [32minfo[39m : [GET /pizzas] - 8 record(s) affected.  0ms
[2025-10-11 10:07:53] [32minfo[39m : [GET /pizzas] - 8 record(s) affected.  2ms
[2025-10-11 10:07:53] [32minfo[39m : [GET /pizzas] - 8 record(s) affected.  1ms
[2025-10-11 10:07:56] [32minfo[39m : [GET /pizzas] - 8 record(s) affected.  0ms
[2025-10-11 10:07:57] [32minfo[39m : [GET /pizzas] - 8 record(s) affected.  0ms
[2025-10-11 10:07:57] [32minfo[39m : [GET /pizzas] - 8 record(s) affected.  1ms
[2025-10-11 10:07:57] [32minfo[39m : [GET /pizzas] - 8 record(s) affected.  0ms
[2025-10-11 10:07:57] [32minfo[39m : [GET /pizzas] - 8 record(s) affected.  1ms
[2025-10-11 10:08:36] [32minfo[39m : [GET /pizzas] - 8 record(s) affected.  0ms
[2025-10-11 10:08:55] [32minfo[39m : [GET /pizzas] - 8 record(s) affected.  1ms
[2025-10-11 10:08:59] [32minfo[39m : [GET /pizzas] - 8 record(s) affected.  1ms
[2025-10-11 10:09:07] [32minfo[39m : [GET /pizzas] - 8 record(s) affected.  0ms
[2025-10-11 10:11:10] [32minfo[39m : [GET /pizzas] - 8 record(s) affected.  1ms
[2025-10-11 10:11:33] [32minfo[39m : [GET /pizzas] - 8 record(s) affected.  1ms
[2025-10-11 10:11:47] [32minfo[39m : [GET /pizzas] - 8 record(s) affected.  0ms
[2025-10-11 10:11:50] [32minfo[39m : [GET /pizzas] - 8 record(s) affected.  1ms
[2025-10-11 10:12:02] [32minfo[39m : [GET /pizzas] - 8 record(s) affected.  1ms
[2025-10-11 10:12:05] [32minfo[39m : [GET /pizzas/8] - 1 record(s) affected.  0ms
[2025-10-11 10:12:05] [31merror[39m : [DB - ERROR] ER_NO_SUCH_TABLE: Table 'favicon.ico' doesn't exist
[2025-10-11 10:14:18] [32minfo[39m : Server listening on port: 3000
[2025-10-11 10:14:21] [32minfo[39m : [GET /pizzas] - 8 record(s) affected.  31ms
[2025-10-11 10:14:28] [32minfo[39m : [GET /pizzas] - 8 record(s) affected.  2ms
[2025-10-11 10:15:12] [32minfo[39m : [GET /pizzas] - 8 record(s) affected.  1ms
[2025-10-11 10:15:46] [32minfo[39m : [GET /pizzas] - 8 record(s) affected.  2ms
[2025-10-11 10:15:53] [32minfo[39m : [GET /pizzas] - 8 record(s) affected.  1ms
[2025-10-11 10:17:14] [32minfo[39m : [GET /pizzas] - 8 record(s) affected.  1ms
[2025-10-11 10:18:08] [32minfo[39m : [GET /pizzas] - 8 record(s) affected.  1ms
[2025-10-11 10:19:31] [32minfo[39m : [GET /pizzas] - 8 record(s) affected.  1ms
[2025-10-11 10:19:41] [32minfo[39m : [GET /pizzas] - 8 record(s) affected.  1ms
[2025-10-11 10:19:53] [32minfo[39m : [GET /pizzas] - 8 record(s) affected.  1ms
[2025-10-11 10:20:39] [32minfo[39m : [GET /pizzas] - 8 record(s) affected.  1ms
[2025-10-11 10:21:06] [32minfo[39m : [GET /pizzas] - 8 record(s) affected.  1ms
[2025-10-11 10:23:18] [32minfo[39m : [GET /pizzas] - 8 record(s) affected.  1ms
[2025-10-11 10:23:57] [32minfo[39m : [GET /pizzas] - 8 record(s) affected.  1ms
[2025-10-11 10:24:04] [32minfo[39m : [GET /pizzas] - 8 record(s) affected.  1ms
[2025-10-11 10:24:43] [32minfo[39m : [GET /pizzas] - 8 record(s) affected.  0ms
[2025-10-11 10:24:51] [32minfo[39m : [GET /pizzas] - 8 record(s) affected.  0ms
[2025-10-11 10:26:26] [32minfo[39m : [GET /pizzas] - 8 record(s) affected.  1ms
[2025-10-11 10:27:03] [32minfo[39m : [GET /pizzas] - 8 record(s) affected.  1ms
[2025-10-11 10:27:17] [32minfo[39m : [GET /pizzas] - 8 record(s) affected.  1ms
[2025-10-11 10:27:48] [32minfo[39m : [GET /pizzas] - 8 record(s) affected.  1ms
[2025-10-11 10:30:06] [32minfo[39m : [GET /pizzas] - 8 record(s) affected.  0ms
[2025-10-11 10:30:29] [32minfo[39m : [GET /pizzas] - 8 record(s) affected.  0ms
[2025-10-11 10:32:12] [32minfo[39m : [GET /pizzas] - 8 record(s) affected.  1ms
[2025-10-11 10:32:42] [32minfo[39m : [GET /pizzas] - 8 record(s) affected.  1ms
[2025-10-11 10:33:18] [32minfo[39m : [GET /pizzas] - 8 record(s) affected.  1ms
[2025-10-11 10:33:41] [32minfo[39m : [GET /pizzas] - 8 record(s) affected.  0ms
[2025-10-11 12:05:36] [32minfo[39m : [GET /pizzas] - 8 record(s) affected.  1ms
[2025-11-11 08:37:16] [32minfo[39m : Server listening on port: 3000
[2025-11-11 09:23:44] [31merror[39m : [DB - ERROR] connect ECONNREFUSED ::1:3306
[2025-11-11 09:24:40] [32minfo[39m : Server listening on port: 3000
[2025-11-11 09:24:44] [31merror[39m : [DB - ERROR] connect ECONNREFUSED ::1:3306
[2025-11-11 09:25:04] [32minfo[39m : Server listening on port: 3000
[2025-11-11 09:25:06] [32minfo[39m : [POST /users/registration] - 0 record(s) affected.  55ms
[2025-11-11 09:25:06] [32minfo[39m : [POST /users/registration] - 1 record(s) affected.  4ms
[2025-11-11 09:25:17] [32minfo[39m : [POST /users/login] - 1 record(s) affected.  2ms
[2025-11-11 09:25:32] [32minfo[39m : [POST /users/login] - 0 record(s) affected.  1ms
[2025-11-11 09:25:37] [32minfo[39m : [POST /users/login] - 0 record(s) affected.  1ms
[2025-11-11 09:26:26] [32minfo[39m : [POST /users/login] - 1 record(s) affected.  1ms
[2025-11-11 09:26:28] [32minfo[39m : [GET /pizzas] - 8 record(s) affected.  1ms
[2025-11-11 09:26:51] [32minfo[39m : [GET /pizzas/name/eq/Storm] - 0 record(s) affected.  2ms
[2025-11-11 09:26:51] [32minfo[39m : [POST /pizzas] - 1 record(s) affected.  2ms
[2025-11-11 09:26:51] [32minfo[39m : [GET /pizzas] - 9 record(s) affected.  1ms
[2025-11-11 09:29:05] [32minfo[39m : Server listening on port: 3000
[2025-11-11 09:29:13] [32minfo[39m : [GET /pizzas/name/eq/ggf] - 0 record(s) affected.  20ms
[2025-11-11 09:29:13] [32minfo[39m : [POST /pizzas] - 1 record(s) affected.  2ms
[2025-11-11 09:29:13] [32minfo[39m : [GET /pizzas] - 10 record(s) affected.  2ms
[2025-11-11 09:33:07] [32minfo[39m : [GET /pizzas] - 10 record(s) affected.  2ms
[2025-11-11 09:34:22] [32minfo[39m : [GET /pizzas] - 10 record(s) affected.  1ms
[2025-11-11 09:34:30] [32minfo[39m : [GET /pizzas] - 10 record(s) affected.  1ms
[2025-11-11 09:36:03] [32minfo[39m : [GET /pizzas] - 10 record(s) affected.  1ms
[2025-11-11 09:37:00] [32minfo[39m : Server listening on port: 3000
[2025-11-11 09:37:03] [32minfo[39m : Server listening on port: 3000
[2025-11-11 09:37:10] [32minfo[39m : [GET /pizzas/name/eq/sfd] - 0 record(s) affected.  19ms
[2025-11-11 09:37:10] [32minfo[39m : [POST /pizzas] - 1 record(s) affected.  2ms
[2025-11-11 09:37:10] [32minfo[39m : [GET /pizzas] - 11 record(s) affected.  2ms
[2025-11-11 09:38:10] [32minfo[39m : Server listening on port: 3000
[2025-11-11 09:38:39] [32minfo[39m : [GET /pizzas/name/eq/Illegal] - 0 record(s) affected.  19ms
[2025-11-11 09:38:39] [32minfo[39m : [POST /pizzas] - 1 record(s) affected.  2ms
[2025-11-11 09:38:39] [32minfo[39m : [GET /pizzas] - 12 record(s) affected.  2ms
[2025-11-11 09:39:50] [32minfo[39m : [GET /pizzas] - 12 record(s) affected.  2ms
[2025-11-11 09:40:31] [32minfo[39m : [GET /pizzas/name/eq/fsg] - 0 record(s) affected.  1ms
[2025-11-11 09:40:31] [32minfo[39m : [POST /pizzas] - 1 record(s) affected.  3ms
[2025-11-11 09:40:31] [32minfo[39m : [GET /pizzas] - 13 record(s) affected.  1ms
[2025-11-11 09:53:36] [32minfo[39m : [GET /pizzas] - 13 record(s) affected.  2ms
[2025-11-11 09:53:47] [32minfo[39m : [GET /pizzas/name/eq/Fajnev] - 0 record(s) affected.  0ms
[2025-11-11 09:53:47] [32minfo[39m : [POST /pizzas] - 1 record(s) affected.  2ms
[2025-11-11 09:53:47] [32minfo[39m : [GET /pizzas] - 14 record(s) affected.  0ms
[2025-11-11 09:55:26] [32minfo[39m : [GET /pizzas] - 14 record(s) affected.  1ms
[2025-11-11 09:55:38] [32minfo[39m : [GET /pizzas/name/eq/aaaa] - 0 record(s) affected.  1ms
[2025-11-11 09:55:38] [32minfo[39m : [POST /pizzas] - 1 record(s) affected.  2ms
[2025-11-11 09:55:38] [32minfo[39m : [GET /pizzas] - 15 record(s) affected.  1ms
[2025-11-11 09:57:14] [32minfo[39m : [GET /pizzas] - 15 record(s) affected.  1ms
[2025-11-11 09:58:57] [32minfo[39m : [GET /pizzas/name/eq/ful] - 0 record(s) affected.  1ms
[2025-11-11 09:58:57] [32minfo[39m : [POST /pizzas] - 1 record(s) affected.  1ms
[2025-11-11 09:58:57] [32minfo[39m : [GET /pizzas] - 16 record(s) affected.  1ms
[2025-11-11 10:00:24] [32minfo[39m : Server listening on port: 3000
[2025-11-11 10:01:04] [32minfo[39m : [GET /pizzas/name/eq/Zippa] - 0 record(s) affected.  16ms
[2025-11-11 10:01:04] [32minfo[39m : [POST /pizzas] - 1 record(s) affected.  3ms
[2025-11-11 10:01:04] [32minfo[39m : [GET /pizzas] - 8 record(s) affected.  3ms
[2025-11-11 10:01:17] [32minfo[39m : [GET /pizzas/name/eq/Munter] - 0 record(s) affected.  1ms
[2025-11-11 10:01:17] [32minfo[39m : [POST /pizzas] - 1 record(s) affected.  5ms
[2025-11-11 10:01:17] [32minfo[39m : [GET /pizzas] - 9 record(s) affected.  1ms
[2025-11-11 10:03:20] [32minfo[39m : [GET /pizzas] - 9 record(s) affected.  1ms
[2025-11-11 10:05:58] [32minfo[39m : Server listening on port: 3000
[2025-11-11 10:06:09] [32minfo[39m : Server listening on port: 3000
[2025-11-11 10:06:44] [32minfo[39m : Server listening on port: 3000
[2025-11-11 10:06:49] [32minfo[39m : [GET /pizzas] - 9 record(s) affected.  26ms
[2025-11-11 10:07:20] [32minfo[39m : Server listening on port: 3000
[2025-11-11 10:07:44] [32minfo[39m : [GET /pizzas] - 9 record(s) affected.  19ms
[2025-11-11 10:08:44] [32minfo[39m : [GET /pizzas] - 9 record(s) affected.  2ms
[2025-11-11 10:09:04] [32minfo[39m : [GET /pizzas] - 9 record(s) affected.  1ms
[2025-11-11 10:09:40] [32minfo[39m : [GET /pizzas] - 9 record(s) affected.  1ms
[2025-11-11 10:19:14] [32minfo[39m : [GET /pizzas/4] - 1 record(s) affected.  2ms
[2025-11-11 10:19:19] [32minfo[39m : [GET /pizzas/name/eq/Hawaii] - 1 record(s) affected.  1ms
[2025-11-11 10:19:19] [32minfo[39m : [PATCH /pizzas/4] - 1 record(s) affected.  2ms
[2025-11-11 10:19:19] [32minfo[39m : [GET /pizzas] - 9 record(s) affected.  2ms
[2025-11-11 10:22:27] [32minfo[39m : [GET /pizzas] - 9 record(s) affected.  2ms
[2025-11-11 10:22:27] [31merror[39m : [DB - ERROR] ER_NO_SUCH_TABLE: Table '13a_pizzeria.uploads' doesn't exist
[2025-11-11 10:23:17] [32minfo[39m : Server listening on port: 3000
[2025-11-11 10:23:20] [32minfo[39m : [GET /pizzas] - 9 record(s) affected.  24ms
[2025-11-11 10:23:31] [32minfo[39m : [GET /pizzas/4] - 1 record(s) affected.  2ms
[2025-11-11 10:24:03] [32minfo[39m : [GET /pizzas] - 9 record(s) affected.  1ms
[2025-11-11 10:24:09] [32minfo[39m : [GET /pizzas/4] - 1 record(s) affected.  1ms
[2025-11-11 10:25:18] [32minfo[39m : [GET /pizzas] - 9 record(s) affected.  1ms
[2025-11-11 10:25:24] [32minfo[39m : [GET /pizzas/4] - 1 record(s) affected.  1ms
[2025-11-11 10:25:37] [32minfo[39m : [GET /pizzas] - 9 record(s) affected.  0ms
[2025-11-11 10:25:39] [32minfo[39m : [GET /pizzas/3] - 1 record(s) affected.  1ms
[2025-11-11 10:25:49] [32minfo[39m : [GET /pizzas] - 9 record(s) affected.  1ms
[2025-11-11 10:25:51] [32minfo[39m : [GET /pizzas/2] - 1 record(s) affected.  1ms
[2025-11-11 10:27:44] [32minfo[39m : Server listening on port: 3000
[2025-11-11 10:28:30] [32minfo[39m : Server listening on port: 3000
[2025-11-11 10:54:45] [32minfo[39m : Server listening on port: 3000
[2025-11-11 10:56:47] [32minfo[39m : [GET /pizzas] - 9 record(s) affected.  18ms
[2025-11-11 10:57:41] [32minfo[39m : [GET /pizzas/4] - 1 record(s) affected.  2ms
[2025-11-11 10:59:29] [32minfo[39m : Server listening on port: 3000
[2025-11-11 10:59:33] [32minfo[39m : Server listening on port: 3000
[2025-11-11 10:59:52] [32minfo[39m : [GET /pizzas] - 9 record(s) affected.  25ms
[2025-11-11 10:59:58] [32minfo[39m : [GET /pizzas/4] - 1 record(s) affected.  1ms
[2025-11-11 11:00:54] [32minfo[39m : Server listening on port: 3000
[2025-11-11 11:01:01] [32minfo[39m : [GET /pizzas] - 9 record(s) affected.  18ms
[2025-11-11 11:01:01] [31merror[39m : [DB - ERROR] ER_NO_SUCH_TABLE: Table '13a_pizzeria.uploads' doesn't exist
[2025-11-11 11:04:55] [32minfo[39m : Server listening on port: 3000
[2025-11-11 11:04:59] [32minfo[39m : [GET /pizzas] - 9 record(s) affected.  24ms
[2025-11-11 11:04:59] [31merror[39m : [DB - ERROR] ER_NO_SUCH_TABLE: Table '13a_pizzeria.uploads' doesn't exist
[2025-11-11 11:05:30] [32minfo[39m : Server listening on port: 3000
[2025-11-11 11:05:32] [32minfo[39m : [GET /pizzas] - 9 record(s) affected.  28ms
[2025-11-11 11:05:41] [32minfo[39m : [GET /pizzas/8] - 1 record(s) affected.  2ms
[2025-11-11 11:05:43] [32minfo[39m : [PATCH /pizzas/8] - 1 record(s) affected.  1ms
[2025-11-11 11:05:46] [32minfo[39m : [GET /pizzas] - 9 record(s) affected.  1ms
[2025-11-11 11:05:47] [31merror[39m : [DB - ERROR] ER_NO_SUCH_TABLE: Table '13a_pizzeria.uploads' doesn't exist
[2025-11-11 11:05:58] [32minfo[39m : Server listening on port: 3000
[2025-11-11 11:06:08] [32minfo[39m : [GET /pizzas/9] - 1 record(s) affected.  18ms
[2025-11-11 11:06:10] [32minfo[39m : [PATCH /pizzas/9] - 1 record(s) affected.  2ms
[2025-11-11 11:06:12] [32minfo[39m : [GET /pizzas/name/eq/Munter] - 1 record(s) affected.  1ms
[2025-11-11 11:06:12] [32minfo[39m : [PATCH /pizzas/9] - 1 record(s) affected.  1ms
[2025-11-11 11:06:12] [32minfo[39m : [GET /pizzas] - 9 record(s) affected.  1ms
[2025-11-11 11:06:15] [31merror[39m : [DB - ERROR] ER_NO_SUCH_TABLE: Table '13a_pizzeria.uploads' doesn't exist
[2025-11-11 11:06:18] [32minfo[39m : Server listening on port: 3000
[2025-11-11 11:07:12] [32minfo[39m : [GET /pizzas] - 9 record(s) affected.  24ms
[2025-11-11 11:07:17] [32minfo[39m : [GET /pizzas/1] - 1 record(s) affected.  1ms
[2025-11-11 11:07:37] [32minfo[39m : [GET /pizzas] - 9 record(s) affected.  1ms
[2025-11-11 11:07:39] [32minfo[39m : [GET /pizzas/1] - 1 record(s) affected.  2ms
[2025-11-11 11:07:43] [32minfo[39m : [GET /pizzas/name/eq/Magyaros] - 1 record(s) affected.  3ms
[2025-11-11 11:07:43] [32minfo[39m : [PATCH /pizzas/1] - 1 record(s) affected.  2ms
[2025-11-11 11:07:43] [32minfo[39m : [GET /pizzas] - 9 record(s) affected.  1ms
[2025-11-11 11:07:46] [32minfo[39m : [GET /pizzas/1] - 1 record(s) affected.  1ms
[2025-11-11 11:07:47] [32minfo[39m : [PATCH /pizzas/1] - 1 record(s) affected.  1ms
[2025-11-11 11:07:49] [32minfo[39m : [GET /pizzas/name/eq/Magyaros] - 1 record(s) affected.  1ms
[2025-11-11 11:07:49] [32minfo[39m : [PATCH /pizzas/1] - 1 record(s) affected.  2ms
[2025-11-11 11:07:49] [32minfo[39m : [GET /pizzas] - 9 record(s) affected.  1ms
[2025-11-11 11:07:51] [32minfo[39m : [GET /pizzas] - 9 record(s) affected.  0ms
[2025-11-11 11:07:51] [32minfo[39m : [GET /pizzas] - 9 record(s) affected.  1ms
[2025-11-11 11:07:52] [32minfo[39m : [GET /pizzas] - 9 record(s) affected.  1ms
[2025-11-11 11:07:52] [32minfo[39m : [GET /pizzas] - 9 record(s) affected.  1ms
[2025-11-11 11:07:52] [32minfo[39m : [GET /pizzas] - 9 record(s) affected.  1ms
[2025-11-11 11:07:52] [32minfo[39m : [GET /pizzas] - 9 record(s) affected.  1ms
[2025-11-11 11:07:52] [32minfo[39m : [GET /pizzas] - 9 record(s) affected.  1ms
[2025-11-11 11:07:53] [32minfo[39m : [GET /pizzas] - 9 record(s) affected.  1ms
[2025-11-11 11:07:53] [32minfo[39m : [GET /pizzas/1] - 1 record(s) affected.  1ms
[2025-11-11 11:07:54] [32minfo[39m : [PATCH /pizzas/1] - 1 record(s) affected.  1ms
[2025-11-11 11:08:03] [32minfo[39m : [GET /pizzas/name/eq/Magyaros] - 1 record(s) affected.  1ms
[2025-11-11 11:08:03] [32minfo[39m : [PATCH /pizzas/1] - 1 record(s) affected.  1ms
[2025-11-11 11:08:03] [32minfo[39m : [GET /pizzas] - 9 record(s) affected.  0ms
[2025-11-11 11:08:08] [31merror[39m : [DB - ERROR] ER_NO_SUCH_TABLE: Table '13a_pizzeria.uploads' doesn't exist
[2025-11-11 11:08:23] [32minfo[39m : Server listening on port: 3000
[2025-11-11 11:08:25] [32minfo[39m : [GET /pizzas] - 9 record(s) affected.  18ms
[2025-11-11 11:08:27] [31merror[39m : [DB - ERROR] ER_NO_SUCH_TABLE: Table '13a_pizzeria.uploads' doesn't exist
[2025-11-11 11:08:39] [32minfo[39m : Server listening on port: 3000
[2025-11-11 11:08:39] [31merror[39m : [DB - ERROR] ER_NO_SUCH_TABLE: Table '13a_pizzeria.uploads' doesn't exist
[2025-11-11 11:08:42] [32minfo[39m : Server listening on port: 3000
[2025-11-11 11:09:06] [32minfo[39m : [GET /pizzas] - 9 record(s) affected.  24ms
[2025-11-11 11:09:12] [32minfo[39m : [GET /pizzas/1] - 1 record(s) affected.  1ms
[2025-11-11 11:09:15] [32minfo[39m : [GET /pizzas/name/eq/Magyaros] - 1 record(s) affected.  1ms
[2025-11-11 11:09:16] [32minfo[39m : [PATCH /pizzas/1] - 1 record(s) affected.  4ms
[2025-11-11 11:09:16] [32minfo[39m : [GET /pizzas] - 9 record(s) affected.  1ms
[2025-11-11 11:09:17] [32minfo[39m : [GET /pizzas/1] - 1 record(s) affected.  1ms
[2025-11-11 11:09:18] [32minfo[39m : [PATCH /pizzas/1] - 1 record(s) affected.  1ms
[2025-11-11 11:09:20] [32minfo[39m : [GET /pizzas/name/eq/Magyaros] - 1 record(s) affected.  1ms
[2025-11-11 11:09:20] [32minfo[39m : [PATCH /pizzas/1] - 1 record(s) affected.  1ms
[2025-11-11 11:09:20] [32minfo[39m : [GET /pizzas] - 9 record(s) affected.  1ms
[2025-11-11 11:09:22] [32minfo[39m : [GET /pizzas] - 9 record(s) affected.  1ms
[2025-11-11 11:09:23] [32minfo[39m : [GET /pizzas] - 9 record(s) affected.  1ms
[2025-11-11 11:09:23] [32minfo[39m : [GET /pizzas] - 9 record(s) affected.  1ms
[2025-11-11 11:09:23] [32minfo[39m : [GET /pizzas] - 9 record(s) affected.  1ms
[2025-11-11 11:09:23] [32minfo[39m : [GET /pizzas] - 9 record(s) affected.  1ms
[2025-11-11 11:09:23] [32minfo[39m : [GET /pizzas] - 9 record(s) affected.  1ms
[2025-11-11 11:09:24] [32minfo[39m : [GET /pizzas/1] - 1 record(s) affected.  1ms
[2025-11-11 11:09:25] [32minfo[39m : [PATCH /pizzas/1] - 1 record(s) affected.  0ms
[2025-11-11 11:09:27] [32minfo[39m : [GET /pizzas/name/eq/Magyaros] - 1 record(s) affected.  1ms
[2025-11-11 11:09:27] [32minfo[39m : [PATCH /pizzas/1] - 1 record(s) affected.  1ms
[2025-11-11 11:09:27] [32minfo[39m : [GET /pizzas] - 9 record(s) affected.  1ms
[2025-11-11 11:09:29] [32minfo[39m : [GET /pizzas] - 9 record(s) affected.  1ms
[2025-11-11 11:10:23] [32minfo[39m : Server listening on port: 3000
[2025-11-11 11:35:24] [32minfo[39m : [GET /pizzas] - 9 record(s) affected.  24ms
[2025-11-11 11:35:27] [32minfo[39m : [GET /pizzas/3] - 1 record(s) affected.  1ms
[2025-11-11 11:35:32] [32minfo[39m : [GET /pizzas/name/eq/Sonka-gomba] - 1 record(s) affected.  1ms
[2025-11-11 11:35:32] [32minfo[39m : [PATCH /pizzas/3] - 1 record(s) affected.  2ms
[2025-11-11 11:35:32] [32minfo[39m : [GET /pizzas] - 9 record(s) affected.  1ms
[2025-11-11 11:48:07] [32minfo[39m : [GET /pizzas] - 9 record(s) affected.  1ms
[2025-11-11 11:52:49] [32minfo[39m : [GET /pizzas] - 9 record(s) affected.  2ms
[2025-11-11 11:57:53] [32minfo[39m : [GET /pizzas] - 9 record(s) affected.  1ms
[2025-11-11 11:58:34] [32minfo[39m : [GET /pizzas] - 9 record(s) affected.  1ms
[2025-11-11 11:58:44] [32minfo[39m : [GET /pizzas] - 9 record(s) affected.  2ms
[2025-11-11 11:58:57] [32minfo[39m : [GET /pizzas] - 9 record(s) affected.  1ms
[2025-11-11 11:59:12] [32minfo[39m : [GET /pizzas] - 9 record(s) affected.  1ms
[2025-11-11 12:00:33] [32minfo[39m : [GET /pizzas] - 9 record(s) affected.  1ms
[2025-11-11 12:01:51] [32minfo[39m : [GET /pizzas] - 9 record(s) affected.  1ms
[2025-11-11 12:05:36] [32minfo[39m : [GET /pizzas] - 9 record(s) affected.  2ms
[2025-11-11 12:05:57] [32minfo[39m : [GET /pizzas] - 9 record(s) affected.  1ms
[2025-11-11 12:08:24] [32minfo[39m : [GET /pizzas] - 9 record(s) affected.  1ms
[2025-11-11 12:08:46] [32minfo[39m : [GET /pizzas] - 9 record(s) affected.  1ms
[2025-11-11 12:09:00] [32minfo[39m : [GET /pizzas] - 9 record(s) affected.  0ms
[2025-11-11 12:15:17] [32minfo[39m : [GET /pizzas] - 9 record(s) affected.  1ms
[2025-11-11 12:15:41] [32minfo[39m : [GET /pizzas] - 9 record(s) affected.  1ms
[2025-11-11 12:17:10] [32minfo[39m : [GET /pizzas] - 9 record(s) affected.  0ms
[2025-11-11 12:18:32] [32minfo[39m : [GET /pizzas] - 9 record(s) affected.  1ms
[2025-11-11 12:18:34] [32minfo[39m : [GET /pizzas] - 9 record(s) affected.  1ms
[2025-11-11 12:18:34] [31merror[39m : [DB - ERROR] ER_NO_SUCH_TABLE: Table '13a_pizzeria.uploads' doesn't exist
[2025-11-11 12:19:14] [32minfo[39m : Server listening on port: 3000
[2025-11-11 12:19:14] [32minfo[39m : [GET /pizzas] - 9 record(s) affected.  20ms
[2025-11-11 12:19:14] [31merror[39m : [DB - ERROR] ER_NO_SUCH_TABLE: Table '13a_pizzeria.uploads' doesn't exist
[2025-11-11 12:19:35] [32minfo[39m : Server listening on port: 3000
[2025-11-11 12:19:35] [32minfo[39m : [GET /pizzas] - 9 record(s) affected.  19ms
[2025-11-11 12:19:37] [32minfo[39m : [GET /pizzas] - 9 record(s) affected.  2ms
[2025-11-11 12:19:40] [32minfo[39m : [GET /pizzas/3] - 1 record(s) affected.  1ms
[2025-11-11 12:19:45] [32minfo[39m : [GET /pizzas/name/eq/Sonka-gomba] - 1 record(s) affected.  1ms
[2025-11-11 12:19:45] [32minfo[39m : [PATCH /pizzas/3] - 1 record(s) affected.  4ms
[2025-11-11 12:19:45] [32minfo[39m : [GET /pizzas] - 9 record(s) affected.  1ms
[2025-11-11 12:19:49] [32minfo[39m : [GET /pizzas] - 9 record(s) affected.  1ms
[2025-11-11 12:19:52] [32minfo[39m : [GET /pizzas] - 9 record(s) affected.  1ms
[2025-11-11 12:19:52] [31merror[39m : [DB - ERROR] ER_NO_SUCH_TABLE: Table '13a_pizzeria.uploads' doesn't exist
[2025-11-11 12:22:24] [32minfo[39m : Server listening on port: 3000
[2025-11-11 12:22:24] [32minfo[39m : [GET /pizzas] - 9 record(s) affected.  18ms
[2025-11-11 12:22:27] [32minfo[39m : [GET /pizzas/1] - 1 record(s) affected.  1ms
[2025-11-11 12:22:30] [32minfo[39m : [GET /pizzas/2] - 1 record(s) affected.  1ms
